2023-10-03 22:01:39,590 [INFO] from play.api.http.EnabledFilters in play-dev-mode-akka.actor.default-dispatcher-4 - Enabled Filters (see <https://www.playframework.com/documentation/latest/Filters>):

    play.filters.csrf.CSRFFilter
    play.filters.headers.SecurityHeadersFilter
    play.filters.hosts.AllowedHostsFilter

2023-10-03 22:01:39,592 [INFO] from play.api.Play in play-dev-mode-akka.actor.default-dispatcher-4 - Application started (Dev) (no global state)
2023-10-03 22:01:39,634 [DEBUG] from application.ErrorHandler in application-akka.actor.default-dispatcher-4 - onClientError: statusCode = 404, uri = /, message = 
2023-10-03 22:01:57,141 [TRACE] from v1.post.PostActionBuilder in application-akka.actor.default-dispatcher-4 - invokeBlock: 
2023-10-03 22:01:57,142 [TRACE] from v1.post.PostController in application-akka.actor.default-dispatcher-4 - index: 
2023-10-03 22:01:57,142 [TRACE] from v1.post.PostRepositoryImpl in application-repository.dispatcher-7 - list: 
2023-10-03 22:01:57,503 [DEBUG] from application.ErrorHandler in application-akka.actor.default-dispatcher-5 - onClientError: statusCode = 404, uri = /favicon.ico, message = 
2023-10-03 22:02:18,641 [DEBUG] from application.ErrorHandler in application-akka.actor.default-dispatcher-5 - onClientError: statusCode = 404, uri = /v1/posts%20title=%22hello%22%20body=%22world%22/, message = 
2023-10-03 22:03:16,727 [DEBUG] from application.ErrorHandler in application-akka.actor.default-dispatcher-5 - onClientError: statusCode = 404, uri = /v1/posts%20title=%22hello%22%20body=%22world%22/, message = 
2023-10-03 22:05:05,731 [TRACE] from v1.post.PostActionBuilder in application-akka.actor.default-dispatcher-6 - invokeBlock: 
2023-10-03 22:05:05,732 [TRACE] from v1.post.PostController in application-akka.actor.default-dispatcher-6 - index: 
2023-10-03 22:05:05,733 [TRACE] from v1.post.PostRepositoryImpl in application-repository.dispatcher-9 - list: 
2023-10-03 22:06:20,682 [TRACE] from v1.post.PostActionBuilder in application-akka.actor.default-dispatcher-8 - invokeBlock: 
2023-10-03 22:06:20,683 [TRACE] from v1.post.PostController in application-akka.actor.default-dispatcher-8 - process: 
2023-10-03 22:06:40,193 [TRACE] from v1.post.PostActionBuilder in application-akka.actor.default-dispatcher-8 - invokeBlock: 
2023-10-03 22:06:40,194 [TRACE] from v1.post.PostController in application-akka.actor.default-dispatcher-8 - process: 
2023-10-03 22:06:40,202 [TRACE] from v1.post.PostRepositoryImpl in application-repository.dispatcher-10 - create: data = PostData(999,hello,unir)
2023-10-03 22:06:47,195 [TRACE] from v1.post.PostActionBuilder in application-akka.actor.default-dispatcher-4 - invokeBlock: 
2023-10-03 22:06:47,195 [TRACE] from v1.post.PostController in application-akka.actor.default-dispatcher-4 - index: 
2023-10-03 22:06:47,195 [TRACE] from v1.post.PostRepositoryImpl in application-repository.dispatcher-12 - list: 
2023-10-03 22:06:54,090 [TRACE] from v1.post.PostActionBuilder in application-akka.actor.default-dispatcher-11 - invokeBlock: 
2023-10-03 22:06:54,090 [TRACE] from v1.post.PostController in application-akka.actor.default-dispatcher-11 - index: 
2023-10-03 22:06:54,090 [TRACE] from v1.post.PostRepositoryImpl in application-repository.dispatcher-13 - list: 
2023-10-03 22:07:26,333 [TRACE] from v1.post.PostActionBuilder in application-akka.actor.default-dispatcher-11 - invokeBlock: 
2023-10-03 22:07:26,333 [TRACE] from v1.post.PostController in application-akka.actor.default-dispatcher-11 - index: 
2023-10-03 22:07:26,335 [TRACE] from v1.post.PostRepositoryImpl in application-repository.dispatcher-14 - list: 
2023-10-03 22:07:37,349 [TRACE] from v1.post.PostActionBuilder in application-akka.actor.default-dispatcher-11 - invokeBlock: 
2023-10-03 22:07:37,349 [TRACE] from v1.post.PostController in application-akka.actor.default-dispatcher-11 - process: 
2023-10-03 22:07:37,352 [TRACE] from v1.post.PostRepositoryImpl in application-repository.dispatcher-15 - create: data = PostData(999,hello,unir!)
2023-10-03 22:07:40,671 [TRACE] from v1.post.PostActionBuilder in application-akka.actor.default-dispatcher-8 - invokeBlock: 
2023-10-03 22:07:40,672 [TRACE] from v1.post.PostController in application-akka.actor.default-dispatcher-8 - index: 
2023-10-03 22:07:40,674 [TRACE] from v1.post.PostRepositoryImpl in application-repository.dispatcher-16 - list: 
2023-10-03 22:16:45,216 [INFO] from play.api.internal.libs.concurrent.CoordinatedShutdownSupport in pool-5-thread-4 - Starting synchronous coordinated shutdown with ServerStoppedReason reason and 40000 milliseconds timeout
2023-10-03 22:16:45,218 [INFO] from play.core.server.AkkaHttpServer in pool-5-thread-4 - Stopping Akka HTTP server...
2023-10-03 22:16:45,222 [INFO] from play.core.server.AkkaHttpServer in play-dev-mode-akka.actor.internal-dispatcher-17 - Unbinding /[0:0:0:0:0:0:0:0]:9000
2023-10-03 22:16:45,225 [INFO] from play.core.server.AkkaHttpServer in play-dev-mode-akka.actor.internal-dispatcher-17 - Terminating server binding for /[0:0:0:0:0:0:0:0]:9000
2023-10-03 22:16:45,242 [INFO] from play.core.server.AkkaHttpServer in play-dev-mode-akka.actor.internal-dispatcher-20 - Running provided shutdown stop hooks
